androidGssms/proguard-project.txt
# To enable ProGuard in your project, edit project.properties
# to define the proguard.config property as described in that file.
#
# Add project specific ProGuard rules here.
# By default, the flags in this file are appended to flags specified
# in ${sdk.dir}/tools/proguard/proguard-android.txt
# You can edit the include path and order by changing the ProGuard
# include property in project.properties.
#
# For more details, see
#   http://developer.android.com/guide/developing/tools/proguard.html

# Add any project specific keep options here:

# If your project uses WebView with JS, uncomment the following
# and specify the fully qualified class name to the JavaScript interface
# class:
#-keepclassmembers class fqcn.of.javascript.interface.for.webview {
#   public *;
#}

-optimizationpasses 5
-dontusemixedcaseclassnames
-dontskipnonpubliclibraryclasses
-dontpreverify
-verbose
-optimizations !code/simplification/arithmetic,!field/*,!class/merging/*

-libraryjars   libs/android-support-v4.jar  
-dontwarn android.support.v4.**  
-keep class android.support.v4.** { *; }
-keep interface android.support.v4.app.** { *; }
-keep public class * extends android.support.v4.**
-keep public class * extends android.app.Fragment

 

 
-libraryjars libs/baidumapapi_v2_4_1.jar
-keep class com.baidu.** { *; }
-keep class vi.com.gdi.bgl.android.**{*;}





-libraryjars libs/afinal_0.5.1_bin.jar
-dontwarn net.tsz.afinal.** 
-keep class net.tsz.afinal.** { *; } 
-keep public class * extends net.tsz.afinal.**  

-keep public interface net.tsz.afinal.** {*;}



-libraryjars libs/tiandituapi2.1.jar
-dontwarn com.tianditu.** 
-keep class com.tianditu.** { *; } 
-keep public class * extends com.tianditu.**  
-keep public interface com.tianditu.** {*;}



-keep class com.google.**{*;}
-keepclassmembers class * implements java.io.Serializable {
    static final long serialVersionUID;
    private static final java.io.ObjectStreamField[] serialPersistentFields;
    private void writeObject(java.io.ObjectOutputStream);
    private void readObject(java.io.ObjectInputStream);
    java.lang.Object writeReplace();
    java.lang.Object readResolve();
} 
##---------------Begin: proguard configuration for Gson  ----------
# Gson uses generic type information stored in a class file when working with fields. Proguard
# removes such information by default, so configure it to keep all of it.
-keepattributes Signature  
# Gson specific classes
-keep class sun.misc.Unsafe { *; }
#-keep class com.google.gson.stream.** { *; }  
# Application classes that will be serialized/deserialized over Gson
-keep class net.evecom.android.bean.** { *; } 

##---------------End: proguard configuration for Gson  ----------





#所有native的方法不能去混淆. 
-keepclasseswithmembernames class * {             
    native <methods>;
}
#某些构造方法不能去混淆
-keepclasseswithmembers class * {
    public <init>(android.content.Context, android.util.AttributeSet);             
}

-keepclasseswithmembers class * {
    public <init>(android.content.Context, android.util.AttributeSet, int);
}

-keepclassmembers class * extends android.app.Activity {
   public void *(android.view.View);
}
#枚举类不能去混淆
-keepclassmembers enum * {                                
    public static **[] values();
    public static ** valueOf(java.lang.String);
}
#aidl文件不能去混淆. 
-keep class * implements android.os.Parcelable {               
  public static final android.os.Parcelable$Creator *;
}

-keepclassmembers class * {
   public <init>(org.json.JSONObject);
}
-keepclassmembers class fqcn.of.javascript.interface.for.webview {
   public *;
}