androidGssms/proguard/mapping.txt
android.support.v4.app.ServiceCompat -> android.support.v4.app.ServiceCompat:
    int START_STICKY -> START_STICKY
android.support.v4.app.ShareCompat -> android.support.v4.app.ShareCompat:
    java.lang.String EXTRA_CALLING_PACKAGE -> EXTRA_CALLING_PACKAGE
    java.lang.String EXTRA_CALLING_ACTIVITY -> EXTRA_CALLING_ACTIVITY
    android.support.v4.app.ShareCompat$ShareCompatImpl IMPL -> IMPL
    java.lang.String getCallingPackage(android.app.Activity) -> getCallingPackage
    android.content.ComponentName getCallingActivity(android.app.Activity) -> getCallingActivity
    void configureMenuItem(android.view.MenuItem,android.support.v4.app.ShareCompat$IntentBuilder) -> configureMenuItem
    void configureMenuItem(android.view.Menu,int,android.support.v4.app.ShareCompat$IntentBuilder) -> configureMenuItem
    android.support.v4.app.ShareCompat$ShareCompatImpl access$000() -> access$000
android.support.v4.app.ShareCompat$IntentBuilder -> android.support.v4.app.ShareCompat$IntentBuilder:
    android.app.Activity mActivity -> mActivity
    android.content.Intent mIntent -> mIntent
    java.lang.CharSequence mChooserTitle -> mChooserTitle
    java.util.ArrayList mToAddresses -> mToAddresses
    java.util.ArrayList mCcAddresses -> mCcAddresses
    java.util.ArrayList mBccAddresses -> mBccAddresses
    java.util.ArrayList mStreams -> mStreams
    android.support.v4.app.ShareCompat$IntentBuilder from(android.app.Activity) -> from
    android.content.Intent getIntent() -> getIntent
    android.app.Activity getActivity() -> getActivity
    void combineArrayExtra(java.lang.String,java.util.ArrayList) -> combineArrayExtra
    void combineArrayExtra(java.lang.String,java.lang.String[]) -> combineArrayExtra
    android.content.Intent createChooserIntent() -> createChooserIntent
    void startChooser() -> startChooser
    android.support.v4.app.ShareCompat$IntentBuilder setChooserTitle(java.lang.CharSequence) -> setChooserTitle
    android.support.v4.app.ShareCompat$IntentBuilder setChooserTitle(int) -> setChooserTitle
    android.support.v4.app.ShareCompat$IntentBuilder setType(java.lang.String) -> setType
    android.support.v4.app.ShareCompat$IntentBuilder setText(java.lang.CharSequence) -> setText
    android.support.v4.app.ShareCompat$IntentBuilder setHtmlText(java.lang.String) -> setHtmlText
android.support.v4.app.ShareCompat$IntentReader -> android.support.v4.app.ShareCompat$IntentReader:
    java.lang.String TAG -> TAG
    android.app.Activity mActivity -> mActivity
    android.content.Intent mIntent -> mIntent
    java.lang.String mCallingPackage -> mCallingPackage
    android.content.ComponentName mCallingActivity -> mCallingActivity
    java.util.ArrayList mStreams -> mStreams
    android.support.v4.app.ShareCompat$IntentReader from(android.app.Activity) -> from
    boolean isShareIntent() -> isShareIntent
    boolean isSingleShare() -> isSingleShare
    boolean isMultipleShare() -> isMultipleShare
    java.lang.String getType() -> getType
    java.lang.CharSequence getText() -> getText
    java.lang.String getHtmlText() -> getHtmlText
    android.net.Uri getStream() -> getStream
    android.net.Uri getStream(int) -> getStream
    int getStreamCount() -> getStreamCount
    java.lang.String[] getEmailTo() -> getEmailTo
    java.lang.String[] getEmailCc() -> getEmailCc
    java.lang.String[] getEmailBcc() -> getEmailBcc
    java.lang.String getSubject() -> getSubject
    java.lang.String getCallingPackage() -> getCallingPackage
    android.content.ComponentName getCallingActivity() -> getCallingActivity
    android.graphics.drawable.Drawable getCallingActivityIcon() -> getCallingActivityIcon
    android.graphics.drawable.Drawable getCallingApplicationIcon() -> getCallingApplicationIcon